<?xml version="1.0" encoding="UTF-8"?>
<beans xmlns="http://www.springframework.org/schema/beans"
       xmlns:xsi="http://www.w3.org/2001/XMLSchema-instance"
       xmlns:context="http://www.springframework.org/schema/context"
       xmlns:p="http://www.springframework.org/schema/util"
       xsi:schemaLocation="http://www.springframework.org/schema/beans http://www.springframework.org/schema/beans/spring-beans.xsd http://www.springframework.org/schema/context http://www.springframework.org/schema/context/spring-context.xsd http://www.springframework.org/schema/util http://www.springframework.org/schema/util/spring-util.xsd">

    <bean id="propertyConfigurer"
          class="org.springframework.beans.factory.config.PropertyPlaceholderConfigurer">
        <property name="location" value="/auth.properties"/>
    </bean>
    <bean id="sshService" class="ua.kossovec.service.ssh.SshServiceImpl">
        <constructor-arg name="domain" value="${domain}"/>
        <constructor-arg name="login" value="${login}"/>
        <constructor-arg name="password" value="${password}"/>
        <constructor-arg name="port" value="22"/>
        <constructor-arg name="timeOut" value="60000"/>
    </bean>

</beans>